(---------------------------------------------------------------------)
(                                                                     )
(    NC DRILL Log                                                     )
(                                                                     )
(    Drawing          : DOEON_PCBv4.brd                               )
(    Software Version : 17.2P019                                      )
(    Date/Time        : Thu Oct 03 17:29:22 2019                      )
(                                                                     )
(---------------------------------------------------------------------)



 Processing NC Parameters file 'nc_param.txt' ...

 NC PARAMETERS
 -------------

 FORMAT   		3.5
 MACHINE-OFFSET		x:0.00000	y:0.00000   (mm)
 FEEDRATE		1
 COORDINATES		ABSOLUTE
 OUTPUT-UNITS		METRIC
 TOOL-ORDER		INCREASING
 REPEAT-CODES		YES
 SUPPRESS-LEAD-ZEROES	YES
 SUPPRESS-TRAIL-ZEROES	NO
 SUPPRESS-EQUAL		NO
 TOOL-SELECT		YES
 HEADER			none
 LEADER			12
 CODE			ASCII
 SEPARATE		YES
 SEPARATE-ROUTING	NO
 OPTIMIZE_DRILLING	YES
 ENHANCED_EXCELLON	NO
 SCALE			1.000000

 WARNING(SPMHMF-368): Cannot find NC Drill tool file 'nc_tools.txt'
 WARNING(SPMHMF-369): ... will auto-generate tool file 'nc_tools_auto.txt'.


     Auto-generating tool file 'nc_tools_auto.txt' ...

           Size  Plating  Tool        + Tolerance  - Tolerance

         0.3302  P        T01            0.000000     0.000000
         0.7620  P        T02            0.000000     0.000000
         0.8999  P        T03            0.000000     0.000000
         1.0160  P        T04            0.000000     0.000000
         2.0000  P        T05            0.000000     0.000000
         3.5001  P        T06            0.000000     0.000000
        12.0000  P        T07            0.000000     0.000000


Drill files being output to directory 'C:/Users/Yongmin/Documents/GitHub/PCVdesign_yb/PCB_yb/allegro' ...



     'DOEON_PCBv4-1-2.drl' created for holes connecting TOP and BOTTOM ; Plating = PLATED
     ------------------------------------------------------------------------------------

     Tool  Num     Size      +/- Tolerance     Plating   Quantity

     T01    1.   0.3302    0.0000/  0.0000      PLATED         44
     T02    2.   0.7620    0.0000/  0.0000      PLATED         56
     T03    3.   0.8999    0.0000/  0.0000      PLATED          4
     T04    4.   1.0160    0.0000/  0.0000      PLATED         12
     T05    5.   2.0000    0.0000/  0.0000      PLATED          4
     T06    6.   3.5001    0.0000/  0.0000      PLATED          4
     T07    7.  12.0000    0.0000/  0.0000      PLATED          1

     ---- Total holes:                                        125

     ---- Total head travel:              3.62 feet (1.10 meters)

