(---------------------------------------------------------------------)
(                                                                     )
(    ARTWORK LOG                                                      )
(                                                                     )
(    Drawing          : DOEON_PCBv4.brd                               )
(    Software Version : 17.2P019                                      )
(    Date/Time        : Thu Oct 03 16:39:02 2019                      )
(                                                                     )
(---------------------------------------------------------------------)


 ---- Photoplot outline rectangle not found; using drawing extents.



Results from parameter file ...
    DEVICE-TYPE           GERBER_RS274X
    OUTPUT-UNITS          MM
    FILM-SIZE             2400000 1600000
    FORMAT                3.5
    ABORT-ON-ERROR        NO
    SCALE                 1
    SUPPRESS-LEAD-ZEROES  YES
    SUPPRESS-TRAIL-ZEROES NO
    SUPPRESS-EQUAL        YES
    UNDEF-APT-CONT        NO



================================================================
     PROCESSING FILM < TOP >
     TO FILE < C:/Users/Yongmin/Documents/GitHub/PCVdesign_yb/PCB_yb/allegro/TOP.art > ...
================================================================

  FILM PARAMETERS :
  ---------------------------------------------------------
  Undefined line width                0.2000
  Mirror code                         NONE
  Rotate angle                        NONE
  Offset x:                           0.0000
  Offset y:                           0.0000
  Plot negative                       NO
  Suppress unconnected internal pads  NO
  Draw holes only                     NO



  APERTURES USED:
  ---------------------------------------------------------
  TYPE       SIZE/NAME                   ROT   MIRROR MODE 
  ---------------------------------------------------------
  CIRCLE     0.20000                                  DARK 
  CIRCLE     0.25400                                  DARK 
  CIRCLE     0.60960                                  DARK 
  CIRCLE     0.89990                                  DARK 
  CIRCLE     1.27000                                  DARK 
  CIRCLE     1.52400                                  DARK 
  CIRCLE     2.00000                                  DARK 
  CIRCLE     3.50010                                  DARK 
  CIRCLE     12.00000                                 DARK 
  SQUARE     1.27000                     0.000 NO     DARK 
  SQUARE     3.00000                     0.000 NO     DARK 

     TOP created.


================================================================
     PROCESSING FILM < BOTTOM >
     TO FILE < C:/Users/Yongmin/Documents/GitHub/PCVdesign_yb/PCB_yb/allegro/BOTTOM.art > ...
================================================================

  FILM PARAMETERS :
  ---------------------------------------------------------
  Undefined line width                0.2000
  Mirror code                         NONE
  Rotate angle                        NONE
  Offset x:                           0.0000
  Offset y:                           0.0000
  Plot negative                       NO
  Suppress unconnected internal pads  NO
  Draw holes only                     NO



  APERTURES USED:
  ---------------------------------------------------------
  TYPE       SIZE/NAME                   ROT   MIRROR MODE 
  ---------------------------------------------------------
  CIRCLE     0.20000                                  DARK 
  CIRCLE     0.25400                                  DARK 
  CIRCLE     0.60960                                  DARK 
  CIRCLE     0.89990                                  DARK 
  CIRCLE     1.27000                                  DARK 
  CIRCLE     1.52400                                  DARK 
  CIRCLE     2.00000                                  DARK 
  CIRCLE     3.50010                                  DARK 
  CIRCLE     12.00000                                 DARK 
  SQUARE     1.27000                     0.000 NO     DARK 

     BOTTOM created.


================================================================
     PROCESSING FILM < SILK_TOP >
     TO FILE < C:/Users/Yongmin/Documents/GitHub/PCVdesign_yb/PCB_yb/allegro/SILK_TOP.art > ...
================================================================

  FILM PARAMETERS :
  ---------------------------------------------------------
  Undefined line width                0.2000
  Mirror code                         NONE
  Rotate angle                        NONE
  Offset x:                           0.0000
  Offset y:                           0.0000
  Plot negative                       NO
  Suppress unconnected internal pads  NO
  Draw holes only                     NO

    WARNING: text composed 0 width line found at (2.5400 15.2400)
           ... using undefined line width of 0.2000

    WARNING: 0 width line found at (3.9370 34.2900)
           ... using undefined line width of 0.2000

    WARNING: Multiple 0 width lines; all will be treated the same as the first.
           ... using undefined line width of 0.2000

    WARNING: text having Multiple 0 width lines; all will be treated the same as the first.
           ... using undefined line width of 0.2000



  APERTURES USED:
  ---------------------------------------------------------
  TYPE       SIZE/NAME                   ROT   MIRROR MODE 
  ---------------------------------------------------------
  CIRCLE     0.15240                                  DARK 
  CIRCLE     0.20000                                  DARK 
  CIRCLE     0.50800                                  DARK 

     SILK_TOP created with warnings


================================================================
     PROCESSING FILM < Soldermask_Top >
     TO FILE < C:/Users/Yongmin/Documents/GitHub/PCVdesign_yb/PCB_yb/allegro/Soldermask_Top.art > ...
================================================================

  FILM PARAMETERS :
  ---------------------------------------------------------
  Undefined line width                0.2000
  Mirror code                         NONE
  Rotate angle                        NONE
  Offset x:                           0.0000
  Offset y:                           0.0000
  Plot negative                       NO
  Suppress unconnected internal pads  NO
  Draw holes only                     NO



  APERTURES USED:
  ---------------------------------------------------------
  TYPE       SIZE/NAME                   ROT   MIRROR MODE 
  ---------------------------------------------------------
  CIRCLE     0.20000                                  DARK 
  CIRCLE     1.00000                                  DARK 
  CIRCLE     1.27000                                  DARK 
  CIRCLE     1.52400                                  DARK 
  CIRCLE     2.10010                                  DARK 
  CIRCLE     3.59990                                  DARK 
  CIRCLE     12.10010                                 DARK 
  SQUARE     1.27000                     0.000 NO     DARK 
  SQUARE     3.10010                     0.000 NO     DARK 

     Soldermask_Top created.


================================================================
     PROCESSING FILM < Soldermaks_Bottom >
     TO FILE < C:/Users/Yongmin/Documents/GitHub/PCVdesign_yb/PCB_yb/allegro/Soldermaks_Bottom.art > ...
================================================================

  FILM PARAMETERS :
  ---------------------------------------------------------
  Undefined line width                0.2000
  Mirror code                         NONE
  Rotate angle                        NONE
  Offset x:                           0.0000
  Offset y:                           0.0000
  Plot negative                       NO
  Suppress unconnected internal pads  NO
  Draw holes only                     NO



  APERTURES USED:
  ---------------------------------------------------------
  TYPE       SIZE/NAME                   ROT   MIRROR MODE 
  ---------------------------------------------------------
  CIRCLE     0.20000                                  DARK 
  CIRCLE     1.00000                                  DARK 
  CIRCLE     1.27000                                  DARK 
  CIRCLE     1.52400                                  DARK 
  CIRCLE     2.10010                                  DARK 
  CIRCLE     3.59990                                  DARK 
  CIRCLE     12.10010                                 DARK 
  SQUARE     1.27000                     0.000 NO     DARK 
  SQUARE     3.10010                     0.000 NO     DARK 

     Soldermaks_Bottom created.


================================================================
     PROCESSING FILM < Drill_Draw >
     TO FILE < C:/Users/Yongmin/Documents/GitHub/PCVdesign_yb/PCB_yb/allegro/Drill_Draw.art > ...
================================================================

  FILM PARAMETERS :
  ---------------------------------------------------------
  Undefined line width                0.2000
  Mirror code                         NONE
  Rotate angle                        NONE
  Offset x:                           0.0000
  Offset y:                           0.0000
  Plot negative                       NO
  Suppress unconnected internal pads  NO
  Draw holes only                     NO



  APERTURES USED:
  ---------------------------------------------------------
  TYPE       SIZE/NAME                   ROT   MIRROR MODE 
  ---------------------------------------------------------
  CIRCLE     0.20000                                  DARK 

     Drill_Draw created.


------------------------------------------------------
 SUMMARY:
        TOP created.
        BOTTOM created.
        SILK_TOP created with warnings
        Soldermask_Top created.
        Soldermaks_Bottom created.
        Drill_Draw created.

 ARTWORK had warnings
