(---------------------------------------------------------------------)
(                                                                     )
(    Allegro Netrev Import Logic                                      )
(                                                                     )
(    Drawing          : DOEON_PCBv3.brd                               )
(    Software Version : 17.2P019                                      )
(    Date/Time        : Mon Sep 30 11:56:30 2019                      )
(                                                                     )
(---------------------------------------------------------------------)


------ Directives ------------

Ripup etch:                  No
Ripup delete first segment:  No
Ripup retain bondwire:       No
Ripup symbols:               Always
Missing symbol has error:    No
DRC update:                  Yes
Schematic directory:         'C:\USERS\YONGMIN\DOCUMENTS\GITHUB\PCVDESIGN_YB\32HEADERS\ORCADCAPTUREXML\ORCADCAPTUREXML\allegro'
Design Directory:            '.'
Old design name:             'C:/USERS/YONGMIN/DOCUMENTS/GITHUB/PCVDESIGN_YB/32HEADERS/ORCADCAPTUREXML/ORCADCAPTUREXML/allegro/DOEON_PCBv3.brd'
New design name:             'C:/USERS/YONGMIN/DOCUMENTS/GITHUB/PCVDESIGN_YB/32HEADERS/ORCADCAPTUREXML/ORCADCAPTUREXML/allegro/DOEON_PCBv3.brd'

CmdLine: netrev.exe -y 1 -n -i C:\USERS\YONGMIN\DOCUMENTS\GITHUB\PCVDESIGN_YB\32HEADERS\ORCADCAPTUREXML\ORCADCAPTUREXML\allegro C:\USERS\YONGMIN\DOCUMENTS\GITHUB\PCVDESIGN_YB\32HEADERS\ORCADCAPTUREXML\ORCADCAPTUREXML\allegro\DOEON_PCBv3.brd C:\USERS\YONGMIN\DOCUMENTS\GITHUB\PCVDESIGN_YB\32HEADERS\ORCADCAPTUREXML\ORCADCAPTUREXML\allegro\DOEON_PCBv3.brd

------ Preparing to read pst files ------

Starting to read C:/USERS/YONGMIN/DOCUMENTS/GITHUB/PCVDESIGN_YB/32HEADERS/ORCADCAPTUREXML/ORCADCAPTUREXML/allegro/pstchip.dat 
   Finished reading C:/USERS/YONGMIN/DOCUMENTS/GITHUB/PCVDESIGN_YB/32HEADERS/ORCADCAPTUREXML/ORCADCAPTUREXML/allegro/pstchip.dat (00:00:00.02)
Starting to read C:/USERS/YONGMIN/DOCUMENTS/GITHUB/PCVDESIGN_YB/32HEADERS/ORCADCAPTUREXML/ORCADCAPTUREXML/allegro/pstxprt.dat 
   Finished reading C:/USERS/YONGMIN/DOCUMENTS/GITHUB/PCVDESIGN_YB/32HEADERS/ORCADCAPTUREXML/ORCADCAPTUREXML/allegro/pstxprt.dat (00:00:00.00)
Starting to read C:/USERS/YONGMIN/DOCUMENTS/GITHUB/PCVDESIGN_YB/32HEADERS/ORCADCAPTUREXML/ORCADCAPTUREXML/allegro/pstxnet.dat 
   Finished reading C:/USERS/YONGMIN/DOCUMENTS/GITHUB/PCVDESIGN_YB/32HEADERS/ORCADCAPTUREXML/ORCADCAPTUREXML/allegro/pstxnet.dat (00:00:00.00)

------ Oversights/Warnings/Errors ------


ERROR: File "DOEON_PCBv3.brd" is being edited by user "Yongmin" on date "Mon Sep 30 11:53:23 2019" on system "DESKTOP-POC8JEU". Resolve lock file and re-run netrev.

#1   ERROR(SPMHNI-175): Netrev error detected.

#2   Run stopped because errors were detected

netrev run on Sep 30 11:56:30 2019
   DESIGN NAME : 'DOEON_PCB_V2'
   PACKAGING ON Mar  2 2016 00:37:24

   COMPILE 'logic'
   CHECK_PIN_NAMES OFF
   CROSS_REFERENCE OFF
   FEEDBACK OFF
   INCREMENTAL OFF
   INTERFACE_TYPE PHYSICAL
   MAX_ERRORS 500
   MERGE_MINIMUM 5
   NET_NAME_CHARS '#%&()*+-./:=>?@[]^_`|'
   NET_NAME_LENGTH 24
   OVERSIGHTS ON
   REPLACE_CHECK OFF
   SINGLE_NODE_NETS ON
   SPLIT_MINIMUM 0
   SUPPRESS   20
   WARNINGS ON

  2 errors detected
 No oversight detected
 No warning detected

cpu time      0:00:13
elapsed time  0:00:00

