(---------------------------------------------------------------------)
(                                                                     )
(    QUICKPLACE LOG                                                   )
(                                                                     )
(    Drawing          : DOEON_PCBv3.brd                               )
(    Software Version : 17.2P028                                      )
(    Date/Time        : Mon Sep 30 11:51:21 2019                      )
(                                                                     )
(---------------------------------------------------------------------)


State: Placing on layer TOP

ERROR:   Could not find symbol:  SAMPLE1 / SAMPLE_HOLDER_SAMPLE_MOUNT_SAMP / SAMPLE_MOUNT
ERROR:   Could not find symbol:  U2 / MAX396EPI_21-0044B_28_MAX396EPI / 21-0044B_28
ERROR:   Could not find symbol:  U1 / MAX396EPI_21-0044B_28_MAX396EPI / 21-0044B_28
ERROR:   Could not find symbol:  J1 / 67997-212HLF_12PINS_67997-212HL / 12PINS
ERROR:   Could not find symbol:  VBI1 / VBI211_BNC_YB_VBI211 / BNC_YB
ERROR:   Could not find symbol:  VBI2 / VBI211_BNC_YB_VBI211 / BNC_YB


Placed 0 of 6 applicable (6 total) symbols.

-----------------------------------------------------------------------

State: Placing on layer TOP

ERROR:   Could not find symbol:  SAMPLE1 / SAMPLE_HOLDER_SAMPLE_MOUNT_SAMP / SAMPLE_MOUNT
ERROR:   Could not find symbol:  U2 / MAX396EPI_21-0044B_28_MAX396EPI / 21-0044B_28
ERROR:   Could not find symbol:  U1 / MAX396EPI_21-0044B_28_MAX396EPI / 21-0044B_28
ERROR:   Could not find symbol:  J1 / 67997-212HLF_12PINS_67997-212HL / 12PINS
ERROR:   Could not find symbol:  VBI1 / VBI211_BNC_YB_VBI211 / BNC_YB
ERROR:   Could not find symbol:  VBI2 / VBI211_BNC_YB_VBI211 / BNC_YB


Placed 0 of 6 applicable (6 total) symbols.

-----------------------------------------------------------------------

